<?xml version="1.0" encoding="UTF-8"?>
<!-- Generated by org.testng.reporters.JUnitXMLReporter -->
<testsuite ignored="0" hostname="LTIN674478" failures="0" tests="7" name="Edge Test Execution" time="3.621" errors="0" timestamp="2026-01-29T11:59:16 IST">
  <testcase classname="com.zigwheels.base.BaseTest" name="@BeforeClass setUp" time="3.484">
    <failure type="io.github.bonigarcia.wdm.config.WebDriverManagerException" message="io.github.bonigarcia.wdm.config.WebDriverManagerException: java.net.UnknownHostException: msedgedriver.azureedge.net">
      <![CDATA[io.github.bonigarcia.wdm.config.WebDriverManagerException: io.github.bonigarcia.wdm.config.WebDriverManagerException: java.net.UnknownHostException: msedgedriver.azureedge.net
at io.github.bonigarcia.wdm.WebDriverManager.handleException(WebDriverManager.java:1445)
at io.github.bonigarcia.wdm.WebDriverManager.manage(WebDriverManager.java:1205)
at io.github.bonigarcia.wdm.WebDriverManager.fallback(WebDriverManager.java:1461)
at io.github.bonigarcia.wdm.WebDriverManager.handleException(WebDriverManager.java:1442)
at io.github.bonigarcia.wdm.WebDriverManager.manage(WebDriverManager.java:1205)
at io.github.bonigarcia.wdm.WebDriverManager.handleException(WebDriverManager.java:1435)
at io.github.bonigarcia.wdm.WebDriverManager.manage(WebDriverManager.java:1205)
at io.github.bonigarcia.wdm.WebDriverManager.setup(WebDriverManager.java:427)
at com.zigwheels.base.DriverFactory.initDriver(DriverFactory.java:34)
at com.zigwheels.base.BaseTest.setUp(BaseTest.java:36)
at java.base/java.util.ArrayList.forEach(ArrayList.java:1596)
at java.base/java.util.concurrent.FutureTask.run(FutureTask.java:317)
at java.base/java.util.concurrent.ThreadPoolExecutor.runWorker(ThreadPoolExecutor.java:1144)
at java.base/java.util.concurrent.ThreadPoolExecutor$Worker.run(ThreadPoolExecutor.java:642)
at java.base/java.lang.Thread.run(Thread.java:1583)
Caused by: io.github.bonigarcia.wdm.config.WebDriverManagerException: java.net.UnknownHostException: msedgedriver.azureedge.net
at io.github.bonigarcia.wdm.WebDriverManager.getDriversFromXml(WebDriverManager.java:1596)
at io.github.bonigarcia.wdm.managers.EdgeDriverManager.getDriverUrls(EdgeDriverManager.java:115)
at io.github.bonigarcia.wdm.WebDriverManager.createUrlHandler(WebDriverManager.java:1466)
at io.github.bonigarcia.wdm.WebDriverManager.download(WebDriverManager.java:1287)
at io.github.bonigarcia.wdm.WebDriverManager.manage(WebDriverManager.java:1199)
... 27 more
Caused by: java.net.UnknownHostException: msedgedriver.azureedge.net
at java.base/java.net.InetAddress$CachedLookup.get(InetAddress.java:988)
at java.base/java.net.InetAddress.getAllByName0(InetAddress.java:1818)
at java.base/java.net.InetAddress.getAllByName(InetAddress.java:1688)
at org.apache.hc.client5.http.SystemDefaultDnsResolver.resolve(SystemDefaultDnsResolver.java:43)
at org.apache.hc.client5.http.impl.io.DefaultHttpClientConnectionOperator.connect(DefaultHttpClientConnectionOperator.java:141)
at org.apache.hc.client5.http.impl.io.PoolingHttpClientConnectionManager.connect(PoolingHttpClientConnectionManager.java:447)
at org.apache.hc.client5.http.impl.classic.InternalExecRuntime.connectEndpoint(InternalExecRuntime.java:162)
at org.apache.hc.client5.http.impl.classic.InternalExecRuntime.connectEndpoint(InternalExecRuntime.java:172)
at org.apache.hc.client5.http.impl.classic.ConnectExec.execute(ConnectExec.java:142)
at org.apache.hc.client5.http.impl.classic.ExecChainElement.execute(ExecChainElement.java:51)
at org.apache.hc.client5.http.impl.classic.ProtocolExec.execute(ProtocolExec.java:192)
at org.apache.hc.client5.http.impl.classic.ExecChainElement.execute(ExecChainElement.java:51)
at org.apache.hc.client5.http.impl.classic.HttpRequestRetryExec.execute(HttpRequestRetryExec.java:96)
at org.apache.hc.client5.http.impl.classic.ExecChainElement.execute(ExecChainElement.java:51)
at org.apache.hc.client5.http.impl.classic.ContentCompressionExec.execute(ContentCompressionExec.java:152)
at org.apache.hc.client5.http.impl.classic.ExecChainElement.execute(ExecChainElement.java:51)
at org.apache.hc.client5.http.impl.classic.RedirectExec.execute(RedirectExec.java:115)
at org.apache.hc.client5.http.impl.classic.ExecChainElement.execute(ExecChainElement.java:51)
at org.apache.hc.client5.http.impl.classic.InternalHttpClient.doExecute(InternalHttpClient.java:170)
at org.apache.hc.client5.http.impl.classic.CloseableHttpClient.execute(CloseableHttpClient.java:87)
at org.apache.hc.client5.http.impl.classic.CloseableHttpClient.execute(CloseableHttpClient.java:55)
at org.apache.hc.client5.http.classic.HttpClient.executeOpen(HttpClient.java:183)
at io.github.bonigarcia.wdm.online.HttpClient.execute(HttpClient.java:157)
at io.github.bonigarcia.wdm.WebDriverManager.getDriversFromXml(WebDriverManager.java:1581)
... 31 more
... Removed 14 stack frames]]>
    </failure>
  </testcase> <!-- @BeforeClass setUp -->
  <testcase classname="com.zigwheels.tests.ZigWheelsScenariosTest" name="scenario6_searchAndCompareCars" time="0.0">
    <skipped/>
  </testcase> <!-- scenario6_searchAndCompareCars -->
  <testcase classname="com.zigwheels.tests.ZigWheelsScenariosTest" name="scenario0_writeAllLinksAndValidate" time="0.0">
    <skipped/>
  </testcase> <!-- scenario0_writeAllLinksAndValidate -->
  <testcase classname="com.zigwheels.tests.ZigWheelsScenariosTest" name="scenario1_popularCars" time="0.0">
    <skipped/>
  </testcase> <!-- scenario1_popularCars -->
  <testcase classname="com.zigwheels.tests.ZigWheelsScenariosTest" name="scenario2_upcomingBikes" time="0.0">
    <skipped/>
  </testcase> <!-- scenario2_upcomingBikes -->
  <testcase classname="com.zigwheels.tests.ZigWheelsScenariosTest" name="scenario3_electricScootersOLA" time="0.0">
    <skipped/>
  </testcase> <!-- scenario3_electricScootersOLA -->
  <testcase classname="com.zigwheels.tests.ZigWheelsScenariosTest" name="scenario4_usedCarsChennaiSortAndValidate" time="0.0">
    <skipped/>
  </testcase> <!-- scenario4_usedCarsChennaiSortAndValidate -->
  <testcase classname="com.zigwheels.tests.ZigWheelsScenariosTest" name="scenario5_profileGoogleInvalidLogin" time="0.0">
    <skipped/>
  </testcase> <!-- scenario5_profileGoogleInvalidLogin -->
</testsuite> <!-- Edge Test Execution -->
