<?xml version="1.0" encoding="UTF-8"?>
<!-- Generated by org.testng.reporters.JUnitXMLReporter -->
<testsuite ignored="4" hostname="LTIN674478" failures="0" tests="1" name="Default test" time="23.809" errors="0" timestamp="2026-02-05T14:10:03 IST">
  <testcase classname="com.zigwheels.tests.ZigWheelsScenariosTest" name="scenario2_popularCars" time="7.018"/>
  <testcase classname="com.zigwheels.tests.ZigWheelsScenariosTest" name="scenario3_electricScootersOLA" time="0.0">
    <ignored/>
  </testcase> <!-- scenario3_electricScootersOLA -->
  <testcase classname="com.zigwheels.tests.ZigWheelsScenariosTest" name="scenario4_usedCarsChennaiSortAndValidate" time="0.0">
    <ignored/>
  </testcase> <!-- scenario4_usedCarsChennaiSortAndValidate -->
  <testcase classname="com.zigwheels.tests.ZigWheelsScenariosTest" name="scenario5_profileGoogleInvalidLogin" time="0.0">
    <ignored/>
  </testcase> <!-- scenario5_profileGoogleInvalidLogin -->
  <testcase classname="com.zigwheels.tests.ZigWheelsScenariosTest" name="scenario1_searchAndCompareCars" time="0.0">
    <ignored/>
  </testcase> <!-- scenario1_searchAndCompareCars -->
</testsuite> <!-- Default test -->
