<?xml version="1.0" encoding="UTF-8"?>
<!-- Generated by org.testng.reporters.JUnitXMLReporter -->
<testsuite ignored="6" hostname="LTIN674478" failures="0" tests="1" name="Default test" time="34.349" errors="0" timestamp="2026-01-31T17:50:51 IST">
  <testcase classname="com.zigwheels.tests.ZigWheelsScenariosTest" name="scenario4_electricScootersOLA" time="7.507"/>
  <testcase classname="com.zigwheels.tests.ZigWheelsScenariosTest" name="scenario1_writeAllLinksAndValidate" time="0.0">
    <ignored/>
  </testcase> <!-- scenario1_writeAllLinksAndValidate -->
  <testcase classname="com.zigwheels.tests.ZigWheelsScenariosTest" name="scenario2_popularCars" time="0.0">
    <ignored/>
  </testcase> <!-- scenario2_popularCars -->
  <testcase classname="com.zigwheels.tests.ZigWheelsScenariosTest" name="scenario6_profileGoogleInvalidLogin" time="0.0">
    <ignored/>
  </testcase> <!-- scenario6_profileGoogleInvalidLogin -->
  <testcase classname="com.zigwheels.tests.ZigWheelsScenariosTest" name="scenario5_usedCarsChennaiSortAndValidate" time="0.0">
    <ignored/>
  </testcase> <!-- scenario5_usedCarsChennaiSortAndValidate -->
  <testcase classname="com.zigwheels.tests.ZigWheelsScenariosTest" name="scenario3_upcomingBikes" time="0.0">
    <ignored/>
  </testcase> <!-- scenario3_upcomingBikes -->
  <testcase classname="com.zigwheels.tests.ZigWheelsScenariosTest" name="scenario7_searchAndCompareCars" time="0.0">
    <ignored/>
  </testcase> <!-- scenario7_searchAndCompareCars -->
</testsuite> <!-- Default test -->
