<?xml version="1.0" encoding="UTF-8"?>
<!-- Generated by org.testng.reporters.JUnitXMLReporter -->
<testsuite ignored="0" hostname="LTIN674478" failures="0" tests="7" name="Test" time="132.063" errors="0" timestamp="2026-01-29T11:56:00 IST">
  <testcase classname="com.zigwheels.tests.ZigWheelsScenariosTest" name="scenario6_searchAndCompareCars" time="11.409"/>
  <testcase classname="com.zigwheels.tests.ZigWheelsScenariosTest" name="scenario0_writeAllLinksAndValidate" time="11.071"/>
  <testcase classname="com.zigwheels.tests.ZigWheelsScenariosTest" name="scenario1_popularCars" time="6.583"/>
  <testcase classname="com.zigwheels.tests.ZigWheelsScenariosTest" name="scenario2_upcomingBikes" time="4.281"/>
  <testcase classname="com.zigwheels.tests.ZigWheelsScenariosTest" name="scenario3_electricScootersOLA" time="4.543"/>
  <testcase classname="com.zigwheels.tests.ZigWheelsScenariosTest" name="scenario4_usedCarsChennaiSortAndValidate" time="48.866"/>
  <testcase classname="com.zigwheels.tests.ZigWheelsScenariosTest" name="scenario5_profileGoogleInvalidLogin" time="25.324"/>
</testsuite> <!-- Test -->
