<?xml version="1.0" encoding="UTF-8"?>
<!-- Generated by org.testng.reporters.JUnitXMLReporter -->
<testsuite ignored="2" hostname="LTIN674478" failures="1" tests="5" name="Chrome Tests" time="147.299" errors="0" timestamp="2026-02-05T09:23:10 IST">
  <testcase classname="com.zigwheels.tests.ZigWheelsScenariosTest" name="scenario2_popularCars" time="50.285">
    <failure type="java.lang.AssertionError" message="No popular cars were found on the page! expected [true] but found [false]">
      <![CDATA[java.lang.AssertionError: No popular cars were found on the page! expected [true] but found [false]
at com.zigwheels.tests.ZigWheelsScenariosTest.scenario2_popularCars(ZigWheelsScenariosTest.java:43)
at java.base/java.util.ArrayList.forEach(ArrayList.java:1596)
at java.base/java.util.concurrent.FutureTask.run(FutureTask.java:317)
at java.base/java.util.concurrent.ThreadPoolExecutor.runWorker(ThreadPoolExecutor.java:1144)
at java.base/java.util.concurrent.ThreadPoolExecutor$Worker.run(ThreadPoolExecutor.java:642)
at java.base/java.lang.Thread.run(Thread.java:1583)
... Removed 19 stack frames]]>
    </failure>
  </testcase> <!-- scenario2_popularCars -->
  <testcase classname="com.zigwheels.tests.ZigWheelsScenariosTest" name="scenario4_electricScootersOLA" time="8.137"/>
  <testcase classname="com.zigwheels.tests.ZigWheelsScenariosTest" name="scenario5_usedCarsChennaiSortAndValidate" time="23.87"/>
  <testcase classname="com.zigwheels.tests.ZigWheelsScenariosTest" name="scenario6_profileGoogleInvalidLogin" time="7.266"/>
  <testcase classname="com.zigwheels.tests.ZigWheelsScenariosTest" name="scenario7_searchAndCompareCars" time="9.385"/>
  <testcase classname="com.zigwheels.tests.ZigWheelsScenariosTest" name="scenario1_writeAllLinksAndValidate" time="0.0">
    <ignored/>
  </testcase> <!-- scenario1_writeAllLinksAndValidate -->
  <testcase classname="com.zigwheels.tests.ZigWheelsScenariosTest" name="scenario3_upcomingBikes" time="0.0">
    <ignored/>
  </testcase> <!-- scenario3_upcomingBikes -->
</testsuite> <!-- Chrome Tests -->
