<?xml version="1.0" encoding="UTF-8"?>
<testsuite xmlns:xsi="http://www.w3.org/2001/XMLSchema-instance" xsi:noNamespaceSchemaLocation="https://maven.apache.org/surefire/maven-surefire-plugin/xsd/surefire-test-report.xsd" version="3.0.2" name="TestSuite" time="153.115" tests="10" errors="0" skipped="0" failures="1">
  <properties>
[...]
</properties>
  <testcase name="scenario2_popularCars" classname="com.zigwheels.tests.ZigWheelsScenariosTest" time="12.179">
    <system-out><![CDATA[[TestNGContentHandler] [WARN] It is strongly recommended to add "<!DOCTYPE suite SYSTEM "https://testng.org/testng-1.0.dtd" >" at the top of the suite file [C:\Users\2457255\Downloads\zigwheels-automation-pom\testng.xml] otherwise TestNG may fail or not work as expected.
09:20:53.678 INFO  [TestNG-tests-2] ExcelUtils - Created workbook: artifacts\zigwheels_automation_edge_20260205_092040.xlsx
09:20:53.702 INFO  [TestNG-tests-2] ZigWheelsScenariosTest - Excel initialized at: artifacts\zigwheels_automation_edge_20260205_092040.xlsx
09:20:56.353 INFO  [TestNG-tests-1] ExcelUtils - Created workbook: artifacts\zigwheels_automation_chrome_20260205_092040.xlsx
09:20:56.364 INFO  [TestNG-tests-1] ZigWheelsScenariosTest - Excel initialized at: artifacts\zigwheels_automation_chrome_20260205_092040.xlsx
09:21:21.600 INFO  [TestNG-tests-2] ExcelUtils - Wrote sheet 'PopularCars' with 20 rows into artifacts\zigwheels_automation_edge_20260205_092040.xlsx
]]></system-out>
    <system-err><![CDATA[SLF4J(W): No SLF4J providers were found.
SLF4J(W): Defaulting to no-operation (NOP) logger implementation
SLF4J(W): See https://www.slf4j.org/codes.html#noProviders for further details.
]]></system-err>
  </testcase>
  <testcase name="scenario2_popularCars" classname="com.zigwheels.tests.ZigWheelsScenariosTest" time="1.484">
    <failure message="No popular cars were found on the page! expected [true] but found [false]" type="java.lang.AssertionError"><![CDATA[java.lang.AssertionError: No popular cars were found on the page! expected [true] but found [false]
	at org.testng.Assert.fail(Assert.java:99)
	at org.testng.Assert.failNotEquals(Assert.java:1037)
	at org.testng.Assert.assertTrue(Assert.java:45)
	at com.zigwheels.tests.ZigWheelsScenariosTest.scenario2_popularCars(ZigWheelsScenariosTest.java:43)
	at java.base/jdk.internal.reflect.DirectMethodHandleAccessor.invoke(DirectMethodHandleAccessor.java:103)
	at java.base/java.lang.reflect.Method.invoke(Method.java:580)
	at org.testng.internal.MethodInvocationHelper.invokeMethod(MethodInvocationHelper.java:133)
	at org.testng.internal.TestInvoker.invokeMethod(TestInvoker.java:598)
	at org.testng.internal.TestInvoker.invokeTestMethod(TestInvoker.java:173)
	at org.testng.internal.MethodRunner.runInSequence(MethodRunner.java:46)
	at org.testng.internal.TestInvoker$MethodInvocationAgent.invoke(TestInvoker.java:824)
	at org.testng.internal.TestInvoker.invokeTestMethods(TestInvoker.java:146)
	at org.testng.internal.TestMethodWorker.invokeTestMethods(TestMethodWorker.java:146)
	at org.testng.internal.TestMethodWorker.run(TestMethodWorker.java:128)
	at java.base/java.util.ArrayList.forEach(ArrayList.java:1596)
	at org.testng.TestRunner.privateRun(TestRunner.java:794)
	at org.testng.TestRunner.run(TestRunner.java:596)
	at org.testng.SuiteRunner.runTest(SuiteRunner.java:377)
	at org.testng.SuiteRunner.access$000(SuiteRunner.java:28)
	at org.testng.SuiteRunner$SuiteWorker.run(SuiteRunner.java:418)
	at org.testng.internal.thread.ThreadUtil.lambda$execute$0(ThreadUtil.java:64)
	at java.base/java.util.concurrent.FutureTask.run(FutureTask.java:317)
	at java.base/java.util.concurrent.ThreadPoolExecutor.runWorker(ThreadPoolExecutor.java:1144)
	at java.base/java.util.concurrent.ThreadPoolExecutor$Worker.run(ThreadPoolExecutor.java:642)
	at java.base/java.lang.Thread.run(Thread.java:1583)
]]></failure>
    <system-out><![CDATA[09:21:58.241 INFO  [TestNG-tests-2] ZigWheelsScenariosTest - Test completed. Navigating back to Home.
09:21:59.717 INFO  [TestNG-tests-1] ExcelUtils - Wrote sheet 'PopularCars' with 0 rows into artifacts\zigwheels_automation_chrome_20260205_092040.xlsx
]]></system-out>
  </testcase>
  <testcase name="scenario4_electricScootersOLA" classname="com.zigwheels.tests.ZigWheelsScenariosTest" time="9.187">
    <system-out><![CDATA[09:21:23.728 INFO  [TestNG-tests-2] ZigWheelsScenariosTest - Test completed. Navigating back to Home.
09:21:32.986 INFO  [TestNG-tests-2] ExcelUtils - Wrote sheet 'ElectricScooters_OLA' with 4 rows into artifacts\zigwheels_automation_edge_20260205_092040.xlsx
]]></system-out>
  </testcase>
  <testcase name="scenario4_electricScootersOLA" classname="com.zigwheels.tests.ZigWheelsScenariosTest" time="8.132">
    <system-out><![CDATA[09:22:00.220 INFO  [TestNG-tests-1] ZigWheelsScenariosTest - Test completed. Navigating back to Home.
09:22:08.376 INFO  [TestNG-tests-1] ExcelUtils - Wrote sheet 'ElectricScooters_OLA' with 6 rows into artifacts\zigwheels_automation_chrome_20260205_092040.xlsx
]]></system-out>
  </testcase>
  <testcase name="scenario5_usedCarsChennaiSortAndValidate" classname="com.zigwheels.tests.ZigWheelsScenariosTest" time="13.161">
    <system-out><![CDATA[09:21:34.876 INFO  [TestNG-tests-2] ZigWheelsScenariosTest - Test completed. Navigating back to Home.
09:21:46.644 INFO  [TestNG-tests-2] ExcelUtils - Wrote sheet 'UsedCars_Chennai' with 6 rows into artifacts\zigwheels_automation_edge_20260205_092040.xlsx
]]></system-out>
  </testcase>
  <testcase name="scenario5_usedCarsChennaiSortAndValidate" classname="com.zigwheels.tests.ZigWheelsScenariosTest" time="23.871">
    <system-out><![CDATA[09:22:10.857 INFO  [TestNG-tests-2] ZigWheelsScenariosTest - Test completed. Navigating back to Home.
09:22:11.525 INFO  [TestNG-tests-1] ZigWheelsScenariosTest - Test completed. Navigating back to Home.
09:22:21.517 INFO  [TestNG-tests-1] ExcelUtils - Wrote sheet 'UsedCars_Chennai' with 6 rows into artifacts\zigwheels_automation_chrome_20260205_092040.xlsx
09:22:26.618 INFO  [TestNG-tests-2] ZigWheelsScenariosTest - Browser session ended.
]]></system-out>
  </testcase>
  <testcase name="scenario6_profileGoogleInvalidLogin" classname="com.zigwheels.tests.ZigWheelsScenariosTest" time="6.125">
    <system-out><![CDATA[09:21:49.710 INFO  [TestNG-tests-2] ZigWheelsScenariosTest - Test completed. Navigating back to Home.
]]></system-out>
  </testcase>
  <testcase name="scenario6_profileGoogleInvalidLogin" classname="com.zigwheels.tests.ZigWheelsScenariosTest" time="7.258">
    <system-out><![CDATA[09:22:37.627 INFO  [TestNG-tests-1] ZigWheelsScenariosTest - Test completed. Navigating back to Home.
]]></system-out>
  </testcase>
  <testcase name="scenario7_searchAndCompareCars" classname="com.zigwheels.tests.ZigWheelsScenariosTest" time="8.939">
    <system-out><![CDATA[09:22:09.175 INFO  [TestNG-tests-2] ExcelUtils - Wrote sheet 'CarComparison' with 22 rows into artifacts\zigwheels_automation_edge_20260205_092040.xlsx
]]></system-out>
  </testcase>
  <testcase name="scenario7_searchAndCompareCars" classname="com.zigwheels.tests.ZigWheelsScenariosTest" time="9.392">
    <system-out><![CDATA[09:22:48.344 INFO  [TestNG-tests-1] ZigWheelsScenariosTest - Test completed. Navigating back to Home.
09:22:57.739 INFO  [TestNG-tests-1] ExcelUtils - Wrote sheet 'CarComparison' with 22 rows into artifacts\zigwheels_automation_chrome_20260205_092040.xlsx
]]></system-out>
  </testcase>
</testsuite>