<?xml version="1.0" encoding="UTF-8"?>
<testng-results ignored="4" total="14" passed="9" failed="1" skipped="0">
  <reporter-output>
  </reporter-output>
  <suite started-at="2026-02-05T09:20:43 IST" name="ZigWheels Suite" finished-at="2026-02-05T09:23:10 IST" duration-ms="147299">
    <groups>
    </groups>
    <test started-at="2026-02-05T09:20:43 IST" name="Edge Tests" finished-at="2026-02-05T09:22:26 IST" duration-ms="103504">
      <class name="com.zigwheels.tests.ZigWheelsScenariosTest">
        <test-method is-config="true" signature="setUp(java.lang.String)[pri:0, instance:com.zigwheels.tests.ZigWheelsScenariosTest@12ad1b2a]" started-at="2026-02-05T09:20:44 IST" name="setUp" finished-at="2026-02-05T09:21:06 IST" duration-ms="21364" status="PASS">
          <params>
            <param index="0">
              <value>
                <![CDATA[edge]]>
              </value>
            </param>
          </params>
          <reporter-output>
          </reporter-output>
        </test-method> <!-- setUp -->
        <test-method signature="scenario2_popularCars()[pri:2, instance:com.zigwheels.tests.ZigWheelsScenariosTest@12ad1b2a]" started-at="2026-02-05T09:21:06 IST" name="scenario2_popularCars" finished-at="2026-02-05T09:21:21 IST" duration-ms="15460" status="PASS">
          <reporter-output>
          </reporter-output>
        </test-method> <!-- scenario2_popularCars -->
        <test-method is-config="true" signature="resetPage()[pri:0, instance:com.zigwheels.tests.ZigWheelsScenariosTest@12ad1b2a]" started-at="2026-02-05T09:21:22 IST" name="resetPage" finished-at="2026-02-05T09:21:23 IST" duration-ms="1701" status="PASS">
          <reporter-output>
          </reporter-output>
        </test-method> <!-- resetPage -->
        <test-method signature="scenario4_electricScootersOLA()[pri:4, instance:com.zigwheels.tests.ZigWheelsScenariosTest@12ad1b2a]" started-at="2026-02-05T09:21:23 IST" name="scenario4_electricScootersOLA" finished-at="2026-02-05T09:21:32 IST" duration-ms="9187" status="PASS">
          <reporter-output>
          </reporter-output>
        </test-method> <!-- scenario4_electricScootersOLA -->
        <test-method is-config="true" signature="resetPage()[pri:0, instance:com.zigwheels.tests.ZigWheelsScenariosTest@12ad1b2a]" started-at="2026-02-05T09:21:33 IST" name="resetPage" finished-at="2026-02-05T09:21:34 IST" duration-ms="1516" status="PASS">
          <reporter-output>
          </reporter-output>
        </test-method> <!-- resetPage -->
        <test-method signature="scenario5_usedCarsChennaiSortAndValidate()[pri:5, instance:com.zigwheels.tests.ZigWheelsScenariosTest@12ad1b2a]" started-at="2026-02-05T09:21:34 IST" name="scenario5_usedCarsChennaiSortAndValidate" finished-at="2026-02-05T09:21:48 IST" duration-ms="13169" status="PASS">
          <reporter-output>
          </reporter-output>
        </test-method> <!-- scenario5_usedCarsChennaiSortAndValidate -->
        <test-method is-config="true" signature="resetPage()[pri:0, instance:com.zigwheels.tests.ZigWheelsScenariosTest@12ad1b2a]" started-at="2026-02-05T09:21:48 IST" name="resetPage" finished-at="2026-02-05T09:21:49 IST" duration-ms="1234" status="PASS">
          <reporter-output>
          </reporter-output>
        </test-method> <!-- resetPage -->
        <test-method signature="scenario6_profileGoogleInvalidLogin()[pri:6, instance:com.zigwheels.tests.ZigWheelsScenariosTest@12ad1b2a]" started-at="2026-02-05T09:21:49 IST" name="scenario6_profileGoogleInvalidLogin" finished-at="2026-02-05T09:21:55 IST" duration-ms="6122" status="PASS">
          <reporter-output>
          </reporter-output>
        </test-method> <!-- scenario6_profileGoogleInvalidLogin -->
        <test-method is-config="true" signature="resetPage()[pri:0, instance:com.zigwheels.tests.ZigWheelsScenariosTest@12ad1b2a]" started-at="2026-02-05T09:21:56 IST" name="resetPage" finished-at="2026-02-05T09:21:58 IST" duration-ms="1659" status="PASS">
          <reporter-output>
          </reporter-output>
        </test-method> <!-- resetPage -->
        <test-method signature="scenario7_searchAndCompareCars()[pri:7, instance:com.zigwheels.tests.ZigWheelsScenariosTest@12ad1b2a]" started-at="2026-02-05T09:21:58 IST" name="scenario7_searchAndCompareCars" finished-at="2026-02-05T09:22:09 IST" duration-ms="10926" status="PASS">
          <reporter-output>
          </reporter-output>
        </test-method> <!-- scenario7_searchAndCompareCars -->
        <test-method is-config="true" signature="resetPage()[pri:0, instance:com.zigwheels.tests.ZigWheelsScenariosTest@12ad1b2a]" started-at="2026-02-05T09:22:09 IST" name="resetPage" finished-at="2026-02-05T09:22:10 IST" duration-ms="1381" status="PASS">
          <reporter-output>
          </reporter-output>
        </test-method> <!-- resetPage -->
        <test-method is-config="true" signature="tearDown()[pri:0, instance:com.zigwheels.tests.ZigWheelsScenariosTest@12ad1b2a]" started-at="2026-02-05T09:22:10 IST" name="tearDown" finished-at="2026-02-05T09:22:26 IST" duration-ms="15769" status="PASS">
          <reporter-output>
          </reporter-output>
        </test-method> <!-- tearDown -->
      </class> <!-- com.zigwheels.tests.ZigWheelsScenariosTest -->
    </test> <!-- Edge Tests -->
    <test started-at="2026-02-05T09:20:43 IST" name="Chrome Tests" finished-at="2026-02-05T09:23:10 IST" duration-ms="147299">
      <class name="com.zigwheels.tests.ZigWheelsScenariosTest">
        <test-method is-config="true" signature="setUp(java.lang.String)[pri:0, instance:com.zigwheels.tests.ZigWheelsScenariosTest@21a02556]" started-at="2026-02-05T09:20:44 IST" name="setUp" finished-at="2026-02-05T09:21:09 IST" duration-ms="24748" status="PASS">
          <params>
            <param index="0">
              <value>
                <![CDATA[chrome]]>
              </value>
            </param>
          </params>
          <reporter-output>
          </reporter-output>
        </test-method> <!-- setUp -->
        <test-method signature="scenario2_popularCars()[pri:2, instance:com.zigwheels.tests.ZigWheelsScenariosTest@21a02556]" started-at="2026-02-05T09:21:09 IST" name="scenario2_popularCars" finished-at="2026-02-05T09:21:59 IST" duration-ms="50285" status="FAIL">
          <exception class="java.lang.AssertionError">
            <message>
              <![CDATA[No popular cars were found on the page! expected [true] but found [false]]]>
            </message>
            <full-stacktrace>
              <![CDATA[java.lang.AssertionError: No popular cars were found on the page! expected [true] but found [false]
at org.testng.Assert.fail(Assert.java:99)
at org.testng.Assert.failNotEquals(Assert.java:1037)
at org.testng.Assert.assertTrue(Assert.java:45)
at com.zigwheels.tests.ZigWheelsScenariosTest.scenario2_popularCars(ZigWheelsScenariosTest.java:43)
at java.base/jdk.internal.reflect.DirectMethodHandleAccessor.invoke(DirectMethodHandleAccessor.java:103)
at java.base/java.lang.reflect.Method.invoke(Method.java:580)
at org.testng.internal.MethodInvocationHelper.invokeMethod(MethodInvocationHelper.java:133)
at org.testng.internal.TestInvoker.invokeMethod(TestInvoker.java:598)
at org.testng.internal.TestInvoker.invokeTestMethod(TestInvoker.java:173)
at org.testng.internal.MethodRunner.runInSequence(MethodRunner.java:46)
at org.testng.internal.TestInvoker$MethodInvocationAgent.invoke(TestInvoker.java:824)
at org.testng.internal.TestInvoker.invokeTestMethods(TestInvoker.java:146)
at org.testng.internal.TestMethodWorker.invokeTestMethods(TestMethodWorker.java:146)
at org.testng.internal.TestMethodWorker.run(TestMethodWorker.java:128)
at java.base/java.util.ArrayList.forEach(ArrayList.java:1596)
at org.testng.TestRunner.privateRun(TestRunner.java:794)
at org.testng.TestRunner.run(TestRunner.java:596)
at org.testng.SuiteRunner.runTest(SuiteRunner.java:377)
at org.testng.SuiteRunner.access$000(SuiteRunner.java:28)
at org.testng.SuiteRunner$SuiteWorker.run(SuiteRunner.java:418)
at org.testng.internal.thread.ThreadUtil.lambda$execute$0(ThreadUtil.java:64)
at java.base/java.util.concurrent.FutureTask.run(FutureTask.java:317)
at java.base/java.util.concurrent.ThreadPoolExecutor.runWorker(ThreadPoolExecutor.java:1144)
at java.base/java.util.concurrent.ThreadPoolExecutor$Worker.run(ThreadPoolExecutor.java:642)
at java.base/java.lang.Thread.run(Thread.java:1583)
]]>
            </full-stacktrace>
          </exception> <!-- java.lang.AssertionError -->
          <reporter-output>
          </reporter-output>
        </test-method> <!-- scenario2_popularCars -->
        <test-method is-config="true" signature="resetPage()[pri:0, instance:com.zigwheels.tests.ZigWheelsScenariosTest@21a02556]" started-at="2026-02-05T09:22:00 IST" name="resetPage" finished-at="2026-02-05T09:22:00 IST" duration-ms="96" status="PASS">
          <reporter-output>
          </reporter-output>
        </test-method> <!-- resetPage -->
        <test-method signature="scenario4_electricScootersOLA()[pri:4, instance:com.zigwheels.tests.ZigWheelsScenariosTest@21a02556]" started-at="2026-02-05T09:22:00 IST" name="scenario4_electricScootersOLA" finished-at="2026-02-05T09:22:08 IST" duration-ms="8137" status="PASS">
          <reporter-output>
          </reporter-output>
        </test-method> <!-- scenario4_electricScootersOLA -->
        <test-method is-config="true" signature="resetPage()[pri:0, instance:com.zigwheels.tests.ZigWheelsScenariosTest@21a02556]" started-at="2026-02-05T09:22:08 IST" name="resetPage" finished-at="2026-02-05T09:22:11 IST" duration-ms="2768" status="PASS">
          <reporter-output>
          </reporter-output>
        </test-method> <!-- resetPage -->
        <test-method signature="scenario5_usedCarsChennaiSortAndValidate()[pri:5, instance:com.zigwheels.tests.ZigWheelsScenariosTest@21a02556]" started-at="2026-02-05T09:22:11 IST" name="scenario5_usedCarsChennaiSortAndValidate" finished-at="2026-02-05T09:22:35 IST" duration-ms="23870" status="PASS">
          <reporter-output>
          </reporter-output>
        </test-method> <!-- scenario5_usedCarsChennaiSortAndValidate -->
        <test-method is-config="true" signature="resetPage()[pri:0, instance:com.zigwheels.tests.ZigWheelsScenariosTest@21a02556]" started-at="2026-02-05T09:22:35 IST" name="resetPage" finished-at="2026-02-05T09:22:37 IST" duration-ms="1748" status="PASS">
          <reporter-output>
          </reporter-output>
        </test-method> <!-- resetPage -->
        <test-method signature="scenario6_profileGoogleInvalidLogin()[pri:6, instance:com.zigwheels.tests.ZigWheelsScenariosTest@21a02556]" started-at="2026-02-05T09:22:37 IST" name="scenario6_profileGoogleInvalidLogin" finished-at="2026-02-05T09:22:44 IST" duration-ms="7266" status="PASS">
          <reporter-output>
          </reporter-output>
        </test-method> <!-- scenario6_profileGoogleInvalidLogin -->
        <test-method is-config="true" signature="resetPage()[pri:0, instance:com.zigwheels.tests.ZigWheelsScenariosTest@21a02556]" started-at="2026-02-05T09:22:45 IST" name="resetPage" finished-at="2026-02-05T09:22:48 IST" duration-ms="2795" status="PASS">
          <reporter-output>
          </reporter-output>
        </test-method> <!-- resetPage -->
        <test-method signature="scenario7_searchAndCompareCars()[pri:7, instance:com.zigwheels.tests.ZigWheelsScenariosTest@21a02556]" started-at="2026-02-05T09:22:48 IST" name="scenario7_searchAndCompareCars" finished-at="2026-02-05T09:22:57 IST" duration-ms="9385" status="PASS">
          <reporter-output>
          </reporter-output>
        </test-method> <!-- scenario7_searchAndCompareCars -->
        <test-method is-config="true" signature="resetPage()[pri:0, instance:com.zigwheels.tests.ZigWheelsScenariosTest@21a02556]" started-at="2026-02-05T09:22:58 IST" name="resetPage" finished-at="2026-02-05T09:23:00 IST" duration-ms="2217" status="PASS">
          <reporter-output>
          </reporter-output>
        </test-method> <!-- resetPage -->
        <test-method is-config="true" signature="tearDown()[pri:0, instance:com.zigwheels.tests.ZigWheelsScenariosTest@21a02556]" started-at="2026-02-05T09:23:00 IST" name="tearDown" finished-at="2026-02-05T09:23:10 IST" duration-ms="10185" status="PASS">
          <reporter-output>
          </reporter-output>
        </test-method> <!-- tearDown -->
      </class> <!-- com.zigwheels.tests.ZigWheelsScenariosTest -->
    </test> <!-- Chrome Tests -->
  </suite> <!-- ZigWheels Suite -->
</testng-results>
