<?xml version="1.0" encoding="UTF-8"?>
<testsuite xmlns:xsi="http://www.w3.org/2001/XMLSchema-instance" xsi:noNamespaceSchemaLocation="https://maven.apache.org/surefire/maven-surefire-plugin/xsd/surefire-test-report.xsd" version="3.0.2" name="TestSuite" time="182.55" tests="10" errors="0" skipped="0" failures="2">
  <properties>
[...]
</properties>
  <testcase name="scenario2_popularCars" classname="com.zigwheels.tests.ZigWheelsScenariosTest" time="8.739">
    <system-out><![CDATA[11:17:29.343 INFO  [TestNG-tests-1] ExcelUtils - Created workbook: artifacts\zigwheels_automation_chrome_20260204_111702.xlsx
11:17:29.411 INFO  [TestNG-tests-1] ZigWheelsScenariosTest - Excel initialized at: artifacts\zigwheels_automation_chrome_20260204_111702.xlsx
11:17:29.598 INFO  [TestNG-tests-2] ExcelUtils - Created workbook: artifacts\zigwheels_automation_edge_20260204_111702.xlsx
11:17:29.650 INFO  [TestNG-tests-2] ZigWheelsScenariosTest - Excel initialized at: artifacts\zigwheels_automation_edge_20260204_111702.xlsx
11:18:01.328 INFO  [TestNG-tests-1] ExcelUtils - Wrote sheet 'PopularCars' with 20 rows into artifacts\zigwheels_automation_chrome_20260204_111702.xlsx
]]></system-out>
    <system-err><![CDATA[SLF4J: Failed to load class "org.slf4j.impl.StaticLoggerBinder".
SLF4J: Defaulting to no-operation (NOP) logger implementation
SLF4J: See http://www.slf4j.org/codes.html#StaticLoggerBinder for further details.
]]></system-err>
  </testcase>
  <testcase name="scenario2_popularCars" classname="com.zigwheels.tests.ZigWheelsScenariosTest" time="6.534">
    <system-out><![CDATA[11:18:04.628 INFO  [TestNG-tests-1] ZigWheelsScenariosTest - Test completed. Navigating back to Home.
11:18:10.592 INFO  [TestNG-tests-2] ExcelUtils - Wrote sheet 'PopularCars' with 20 rows into artifacts\zigwheels_automation_edge_20260204_111702.xlsx
]]></system-out>
  </testcase>
  <testcase name="scenario4_electricScootersOLA" classname="com.zigwheels.tests.ZigWheelsScenariosTest" time="13.367">
    <system-out><![CDATA[11:18:15.679 INFO  [TestNG-tests-2] ZigWheelsScenariosTest - Test completed. Navigating back to Home.
11:18:28.444 INFO  [TestNG-tests-2] ExcelUtils - Wrote sheet 'ElectricScooters_OLA' with 6 rows into artifacts\zigwheels_automation_edge_20260204_111702.xlsx
]]></system-out>
  </testcase>
  <testcase name="scenario4_electricScootersOLA" classname="com.zigwheels.tests.ZigWheelsScenariosTest" time="15.354">
    <system-out><![CDATA[11:18:32.357 INFO  [TestNG-tests-2] ZigWheelsScenariosTest - Test completed. Navigating back to Home.
11:18:47.217 INFO  [TestNG-tests-1] ExcelUtils - Wrote sheet 'ElectricScooters_OLA' with 6 rows into artifacts\zigwheels_automation_chrome_20260204_111702.xlsx
]]></system-out>
  </testcase>
  <testcase name="scenario5_usedCarsChennaiSortAndValidate" classname="com.zigwheels.tests.ZigWheelsScenariosTest" time="8.823">
    <system-out><![CDATA[11:18:50.217 INFO  [TestNG-tests-1] ZigWheelsScenariosTest - Test completed. Navigating back to Home.
11:18:56.895 INFO  [TestNG-tests-2] ExcelUtils - Wrote sheet 'UsedCars_Chennai' with 6 rows into artifacts\zigwheels_automation_edge_20260204_111702.xlsx
]]></system-out>
  </testcase>
  <testcase name="scenario5_usedCarsChennaiSortAndValidate" classname="com.zigwheels.tests.ZigWheelsScenariosTest" time="10.777"/>
  <testcase name="scenario6_profileGoogleInvalidLogin" classname="com.zigwheels.tests.ZigWheelsScenariosTest" time="8.479">
    <system-out><![CDATA[11:19:00.435 INFO  [TestNG-tests-2] ZigWheelsScenariosTest - Test completed. Navigating back to Home.
11:19:08.783 INFO  [TestNG-tests-1] ExcelUtils - Wrote sheet 'UsedCars_Chennai' with 6 rows into artifacts\zigwheels_automation_chrome_20260204_111702.xlsx
]]></system-out>
  </testcase>
  <testcase name="scenario6_profileGoogleInvalidLogin" classname="com.zigwheels.tests.ZigWheelsScenariosTest" time="30.676">
    <system-out><![CDATA[11:19:22.849 INFO  [TestNG-tests-2] ZigWheelsScenariosTest - Test completed. Navigating back to Home.
11:19:42.916 INFO  [TestNG-tests-2] ZigWheelsScenariosTest - Browser session ended.
]]></system-out>
  </testcase>
  <testcase name="scenario7_searchAndCompareCars" classname="com.zigwheels.tests.ZigWheelsScenariosTest" time="7.351">
    <failure message="element click intercepted: Element is not clickable at point (154, 1835)&#10;  (Session info: MicrosoftEdge=144.0.3719.104)&#10;Build info: version: &apos;4.40.0&apos;, revision: &apos;b3333f1&apos;&#10;System info: os.name: &apos;Windows 11&apos;, os.arch: &apos;amd64&apos;, os.version: &apos;10.0&apos;, java.version: &apos;21&apos;&#10;Driver info: org.openqa.selenium.edge.EdgeDriver&#10;Command: [e2017121f410b1698fd839ae10270606, clickElement {id=f.69F57A8C1422E363B39E96C152981F0A.d.D587D67381285AB8C9D736402D500463.e.931}]&#10;Capabilities {acceptInsecureCerts: false, browserName: MicrosoftEdge, browserVersion: 144.0.3719.104, fedcm:accounts: true, goog:processID: 31752, ms:edgeOptions: {debuggerAddress: localhost:65319}, msedge: {msedgedriverVersion: 144.0.3719.104 (7d1be999663..., userDataDir: C:\Users\2457255\AppData\Lo...}, networkConnectionEnabled: false, pageLoadStrategy: normal, platformName: windows, proxy: Proxy(), se:cdp: ws://localhost:65319/devtoo..., se:cdpVersion: 144.0.3719.104, setWindowRect: true, strictFileInteractability: false, timeouts: {implicit: 0, pageLoad: 300000, script: 30000}, unhandledPromptBehavior: dismiss and notify, webauthn:extension:credBlob: true, webauthn:extension:largeBlob: true, webauthn:extension:minPinLength: true, webauthn:extension:prf: true, webauthn:virtualAuthenticators: true}&#10;Element: [[EdgeDriver: MicrosoftEdge on windows (e2017121f410b1698fd839ae10270606)] -&gt; link text: GLS vs XC90]&#10;Session ID: e2017121f410b1698fd839ae10270606" type="org.openqa.selenium.ElementClickInterceptedException"><![CDATA[org.openqa.selenium.ElementClickInterceptedException: 
element click intercepted: Element is not clickable at point (154, 1835)
  (Session info: MicrosoftEdge=144.0.3719.104)
Build info: version: '4.40.0', revision: 'b3333f1'
System info: os.name: 'Windows 11', os.arch: 'amd64', os.version: '10.0', java.version: '21'
Driver info: org.openqa.selenium.edge.EdgeDriver
Command: [e2017121f410b1698fd839ae10270606, clickElement {id=f.69F57A8C1422E363B39E96C152981F0A.d.D587D67381285AB8C9D736402D500463.e.931}]
Capabilities {acceptInsecureCerts: false, browserName: MicrosoftEdge, browserVersion: 144.0.3719.104, fedcm:accounts: true, goog:processID: 31752, ms:edgeOptions: {debuggerAddress: localhost:65319}, msedge: {msedgedriverVersion: 144.0.3719.104 (7d1be999663..., userDataDir: C:\Users\2457255\AppData\Lo...}, networkConnectionEnabled: false, pageLoadStrategy: normal, platformName: windows, proxy: Proxy(), se:cdp: ws://localhost:65319/devtoo..., se:cdpVersion: 144.0.3719.104, setWindowRect: true, strictFileInteractability: false, timeouts: {implicit: 0, pageLoad: 300000, script: 30000}, unhandledPromptBehavior: dismiss and notify, webauthn:extension:credBlob: true, webauthn:extension:largeBlob: true, webauthn:extension:minPinLength: true, webauthn:extension:prf: true, webauthn:virtualAuthenticators: true}
Element: [[EdgeDriver: MicrosoftEdge on windows (e2017121f410b1698fd839ae10270606)] -> link text: GLS vs XC90]
Session ID: e2017121f410b1698fd839ae10270606
	at org.openqa.selenium.remote.ErrorCodec.decode(ErrorCodec.java:169)
	at org.openqa.selenium.remote.codec.w3c.W3CHttpResponseCodec.decode(W3CHttpResponseCodec.java:142)
	at org.openqa.selenium.remote.codec.w3c.W3CHttpResponseCodec.decode(W3CHttpResponseCodec.java:49)
	at org.openqa.selenium.remote.HttpCommandExecutor.execute(HttpCommandExecutor.java:223)
	at org.openqa.selenium.remote.service.DriverCommandExecutor.invokeExecute(DriverCommandExecutor.java:216)
	at org.openqa.selenium.remote.service.DriverCommandExecutor.execute(DriverCommandExecutor.java:174)
	at org.openqa.selenium.remote.RemoteWebDriver.execute(RemoteWebDriver.java:601)
	at org.openqa.selenium.remote.RemoteWebElement.execute(RemoteWebElement.java:223)
	at org.openqa.selenium.remote.RemoteWebElement.click(RemoteWebElement.java:76)
	at java.base/jdk.internal.reflect.DirectMethodHandleAccessor.invoke(DirectMethodHandleAccessor.java:103)
	at java.base/java.lang.reflect.Method.invoke(Method.java:580)
	at org.openqa.selenium.support.pagefactory.internal.LocatingElementHandler.invoke(LocatingElementHandler.java:51)
	at jdk.proxy2/jdk.proxy2.$Proxy32.click(Unknown Source)
	at com.zigwheels.pages.SearchComparisonPage.navigateToComparison(SearchComparisonPage.java:60)
	at com.zigwheels.tests.ZigWheelsScenariosTest.scenario7_searchAndCompareCars(ZigWheelsScenariosTest.java:103)
	at java.base/jdk.internal.reflect.DirectMethodHandleAccessor.invoke(DirectMethodHandleAccessor.java:103)
	at java.base/java.lang.reflect.Method.invoke(Method.java:580)
	at org.testng.internal.invokers.MethodInvocationHelper.invokeMethod(MethodInvocationHelper.java:141)
	at org.testng.internal.invokers.TestInvoker.invokeMethod(TestInvoker.java:686)
	at org.testng.internal.invokers.TestInvoker.invokeTestMethod(TestInvoker.java:230)
	at org.testng.internal.invokers.MethodRunner.runInSequence(MethodRunner.java:63)
	at org.testng.internal.invokers.TestInvoker$MethodInvocationAgent.invoke(TestInvoker.java:992)
	at org.testng.internal.invokers.TestInvoker.invokeTestMethods(TestInvoker.java:203)
	at org.testng.internal.invokers.TestMethodWorker.invokeTestMethods(TestMethodWorker.java:154)
	at org.testng.internal.invokers.TestMethodWorker.run(TestMethodWorker.java:134)
	at java.base/java.util.ArrayList.forEach(ArrayList.java:1596)
	at org.testng.TestRunner.privateRun(TestRunner.java:739)
	at org.testng.TestRunner.run(TestRunner.java:614)
	at org.testng.SuiteRunner.runTest(SuiteRunner.java:421)
	at org.testng.SuiteRunner$SuiteWorker.run(SuiteRunner.java:463)
	at org.testng.internal.thread.ThreadUtil.lambda$execute$0(ThreadUtil.java:64)
	at java.base/java.util.concurrent.FutureTask.run(FutureTask.java:317)
	at java.base/java.util.concurrent.ThreadPoolExecutor.runWorker(ThreadPoolExecutor.java:1144)
	at java.base/java.util.concurrent.ThreadPoolExecutor$Worker.run(ThreadPoolExecutor.java:642)
	at java.base/java.lang.Thread.run(Thread.java:1583)
]]></failure>
    <system-out><![CDATA[11:19:11.870 INFO  [TestNG-tests-2] ZigWheelsScenariosTest - Test completed. Navigating back to Home.
11:19:12.959 INFO  [TestNG-tests-1] ZigWheelsScenariosTest - Test completed. Navigating back to Home.
]]></system-out>
  </testcase>
  <testcase name="scenario7_searchAndCompareCars" classname="com.zigwheels.tests.ZigWheelsScenariosTest" time="5.283">
    <failure message="element click intercepted: Element is not clickable at point (158, 2205)&#10;  (Session info: chrome=142.0.7444.176)&#10;Build info: version: &apos;4.40.0&apos;, revision: &apos;b3333f1&apos;&#10;System info: os.name: &apos;Windows 11&apos;, os.arch: &apos;amd64&apos;, os.version: &apos;10.0&apos;, java.version: &apos;21&apos;&#10;Driver info: org.openqa.selenium.chrome.ChromeDriver&#10;Command: [a8e66412409c3e004bee76d8b14fe8ba, clickElement {id=f.7E35FC2EDE00B57FE9A34F092944830E.d.0283688C06E91050D29098F5638775B2.e.948}]&#10;Capabilities {acceptInsecureCerts: false, browserName: chrome, browserVersion: 142.0.7444.176, chrome: {chromedriverVersion: 142.0.7444.175 (302067f14a4..., userDataDir: C:\Users\2457255\AppData\Lo...}, fedcm:accounts: true, goog:chromeOptions: {debuggerAddress: localhost:62525}, goog:processID: 18952, networkConnectionEnabled: false, pageLoadStrategy: normal, platformName: windows, proxy: Proxy(), se:cdp: ws://localhost:62525/devtoo..., se:cdpVersion: 142.0.7444.176, setWindowRect: true, strictFileInteractability: false, timeouts: {implicit: 0, pageLoad: 300000, script: 30000}, unhandledPromptBehavior: dismiss and notify, webauthn:extension:credBlob: true, webauthn:extension:largeBlob: true, webauthn:extension:minPinLength: true, webauthn:extension:prf: true, webauthn:virtualAuthenticators: true}&#10;Element: [[ChromeDriver: chrome on windows (a8e66412409c3e004bee76d8b14fe8ba)] -&gt; link text: GLS vs XC90]&#10;Session ID: a8e66412409c3e004bee76d8b14fe8ba" type="org.openqa.selenium.ElementClickInterceptedException"><![CDATA[org.openqa.selenium.ElementClickInterceptedException: 
element click intercepted: Element is not clickable at point (158, 2205)
  (Session info: chrome=142.0.7444.176)
Build info: version: '4.40.0', revision: 'b3333f1'
System info: os.name: 'Windows 11', os.arch: 'amd64', os.version: '10.0', java.version: '21'
Driver info: org.openqa.selenium.chrome.ChromeDriver
Command: [a8e66412409c3e004bee76d8b14fe8ba, clickElement {id=f.7E35FC2EDE00B57FE9A34F092944830E.d.0283688C06E91050D29098F5638775B2.e.948}]
Capabilities {acceptInsecureCerts: false, browserName: chrome, browserVersion: 142.0.7444.176, chrome: {chromedriverVersion: 142.0.7444.175 (302067f14a4..., userDataDir: C:\Users\2457255\AppData\Lo...}, fedcm:accounts: true, goog:chromeOptions: {debuggerAddress: localhost:62525}, goog:processID: 18952, networkConnectionEnabled: false, pageLoadStrategy: normal, platformName: windows, proxy: Proxy(), se:cdp: ws://localhost:62525/devtoo..., se:cdpVersion: 142.0.7444.176, setWindowRect: true, strictFileInteractability: false, timeouts: {implicit: 0, pageLoad: 300000, script: 30000}, unhandledPromptBehavior: dismiss and notify, webauthn:extension:credBlob: true, webauthn:extension:largeBlob: true, webauthn:extension:minPinLength: true, webauthn:extension:prf: true, webauthn:virtualAuthenticators: true}
Element: [[ChromeDriver: chrome on windows (a8e66412409c3e004bee76d8b14fe8ba)] -> link text: GLS vs XC90]
Session ID: a8e66412409c3e004bee76d8b14fe8ba
	at org.openqa.selenium.remote.ErrorCodec.decode(ErrorCodec.java:169)
	at org.openqa.selenium.remote.codec.w3c.W3CHttpResponseCodec.decode(W3CHttpResponseCodec.java:142)
	at org.openqa.selenium.remote.codec.w3c.W3CHttpResponseCodec.decode(W3CHttpResponseCodec.java:49)
	at org.openqa.selenium.remote.HttpCommandExecutor.execute(HttpCommandExecutor.java:223)
	at org.openqa.selenium.remote.service.DriverCommandExecutor.invokeExecute(DriverCommandExecutor.java:216)
	at org.openqa.selenium.remote.service.DriverCommandExecutor.execute(DriverCommandExecutor.java:174)
	at org.openqa.selenium.remote.RemoteWebDriver.execute(RemoteWebDriver.java:601)
	at org.openqa.selenium.remote.RemoteWebElement.execute(RemoteWebElement.java:223)
	at org.openqa.selenium.remote.RemoteWebElement.click(RemoteWebElement.java:76)
	at java.base/jdk.internal.reflect.DirectMethodHandleAccessor.invoke(DirectMethodHandleAccessor.java:103)
	at java.base/java.lang.reflect.Method.invoke(Method.java:580)
	at org.openqa.selenium.support.pagefactory.internal.LocatingElementHandler.invoke(LocatingElementHandler.java:51)
	at jdk.proxy2/jdk.proxy2.$Proxy32.click(Unknown Source)
	at com.zigwheels.pages.SearchComparisonPage.navigateToComparison(SearchComparisonPage.java:60)
	at com.zigwheels.tests.ZigWheelsScenariosTest.scenario7_searchAndCompareCars(ZigWheelsScenariosTest.java:103)
	at java.base/jdk.internal.reflect.DirectMethodHandleAccessor.invoke(DirectMethodHandleAccessor.java:103)
	at java.base/java.lang.reflect.Method.invoke(Method.java:580)
	at org.testng.internal.invokers.MethodInvocationHelper.invokeMethod(MethodInvocationHelper.java:141)
	at org.testng.internal.invokers.TestInvoker.invokeMethod(TestInvoker.java:686)
	at org.testng.internal.invokers.TestInvoker.invokeTestMethod(TestInvoker.java:230)
	at org.testng.internal.invokers.MethodRunner.runInSequence(MethodRunner.java:63)
	at org.testng.internal.invokers.TestInvoker$MethodInvocationAgent.invoke(TestInvoker.java:992)
	at org.testng.internal.invokers.TestInvoker.invokeTestMethods(TestInvoker.java:203)
	at org.testng.internal.invokers.TestMethodWorker.invokeTestMethods(TestMethodWorker.java:154)
	at org.testng.internal.invokers.TestMethodWorker.run(TestMethodWorker.java:134)
	at java.base/java.util.ArrayList.forEach(ArrayList.java:1596)
	at org.testng.TestRunner.privateRun(TestRunner.java:739)
	at org.testng.TestRunner.run(TestRunner.java:614)
	at org.testng.SuiteRunner.runTest(SuiteRunner.java:421)
	at org.testng.SuiteRunner$SuiteWorker.run(SuiteRunner.java:463)
	at org.testng.internal.thread.ThreadUtil.lambda$execute$0(ThreadUtil.java:64)
	at java.base/java.util.concurrent.FutureTask.run(FutureTask.java:317)
	at java.base/java.util.concurrent.ThreadPoolExecutor.runWorker(ThreadPoolExecutor.java:1144)
	at java.base/java.util.concurrent.ThreadPoolExecutor$Worker.run(ThreadPoolExecutor.java:642)
	at java.base/java.lang.Thread.run(Thread.java:1583)
]]></failure>
    <system-out><![CDATA[11:19:45.533 INFO  [TestNG-tests-1] ZigWheelsScenariosTest - Test completed. Navigating back to Home.
]]></system-out>
  </testcase>
</testsuite>