<?xml version="1.0" encoding="UTF-8"?>
<testng-results ignored="2" total="7" passed="5" failed="0" skipped="0">
  <reporter-output>
  </reporter-output>
  <suite started-at="2026-02-04T18:17:16 IST" name="ZigWheels Suite" finished-at="2026-02-04T18:19:00 IST" duration-ms="103712">
    <groups>
    </groups>
    <test started-at="2026-02-04T18:17:16 IST" name="Chrome Tests" finished-at="2026-02-04T18:19:00 IST" duration-ms="103712">
      <class name="com.zigwheels.tests.ZigWheelsScenariosTest">
        <test-method is-config="true" signature="setUp(java.lang.String)[pri:0, instance:com.zigwheels.tests.ZigWheelsScenariosTest@314b9e4b]" started-at="2026-02-04T18:17:20 IST" name="setUp" finished-at="2026-02-04T18:17:45 IST" duration-ms="25742" status="PASS">
          <params>
            <param index="0">
              <value>
                <![CDATA[chrome]]>
              </value>
            </param>
          </params>
          <reporter-output>
          </reporter-output>
        </test-method> <!-- setUp -->
        <test-method signature="scenario2_popularCars()[pri:2, instance:com.zigwheels.tests.ZigWheelsScenariosTest@314b9e4b]" started-at="2026-02-04T18:17:45 IST" name="scenario2_popularCars" finished-at="2026-02-04T18:18:00 IST" duration-ms="14233" status="PASS">
          <reporter-output>
          </reporter-output>
        </test-method> <!-- scenario2_popularCars -->
        <test-method is-config="true" signature="resetPage()[pri:0, instance:com.zigwheels.tests.ZigWheelsScenariosTest@314b9e4b]" started-at="2026-02-04T18:18:00 IST" name="resetPage" finished-at="2026-02-04T18:18:04 IST" duration-ms="3566" status="PASS">
          <reporter-output>
          </reporter-output>
        </test-method> <!-- resetPage -->
        <test-method signature="scenario4_electricScootersOLA()[pri:4, instance:com.zigwheels.tests.ZigWheelsScenariosTest@314b9e4b]" started-at="2026-02-04T18:18:04 IST" name="scenario4_electricScootersOLA" finished-at="2026-02-04T18:18:12 IST" duration-ms="7992" status="PASS">
          <reporter-output>
          </reporter-output>
        </test-method> <!-- scenario4_electricScootersOLA -->
        <test-method is-config="true" signature="resetPage()[pri:0, instance:com.zigwheels.tests.ZigWheelsScenariosTest@314b9e4b]" started-at="2026-02-04T18:18:12 IST" name="resetPage" finished-at="2026-02-04T18:18:14 IST" duration-ms="2129" status="PASS">
          <reporter-output>
          </reporter-output>
        </test-method> <!-- resetPage -->
        <test-method signature="scenario5_usedCarsChennaiSortAndValidate()[pri:5, instance:com.zigwheels.tests.ZigWheelsScenariosTest@314b9e4b]" started-at="2026-02-04T18:18:14 IST" name="scenario5_usedCarsChennaiSortAndValidate" finished-at="2026-02-04T18:18:24 IST" duration-ms="9871" status="PASS">
          <reporter-output>
          </reporter-output>
        </test-method> <!-- scenario5_usedCarsChennaiSortAndValidate -->
        <test-method is-config="true" signature="resetPage()[pri:0, instance:com.zigwheels.tests.ZigWheelsScenariosTest@314b9e4b]" started-at="2026-02-04T18:18:25 IST" name="resetPage" finished-at="2026-02-04T18:18:27 IST" duration-ms="2069" status="PASS">
          <reporter-output>
          </reporter-output>
        </test-method> <!-- resetPage -->
        <test-method signature="scenario6_profileGoogleInvalidLogin()[pri:6, instance:com.zigwheels.tests.ZigWheelsScenariosTest@314b9e4b]" started-at="2026-02-04T18:18:27 IST" name="scenario6_profileGoogleInvalidLogin" finished-at="2026-02-04T18:18:34 IST" duration-ms="7638" status="PASS">
          <reporter-output>
          </reporter-output>
        </test-method> <!-- scenario6_profileGoogleInvalidLogin -->
        <test-method is-config="true" signature="resetPage()[pri:0, instance:com.zigwheels.tests.ZigWheelsScenariosTest@314b9e4b]" started-at="2026-02-04T18:18:35 IST" name="resetPage" finished-at="2026-02-04T18:18:38 IST" duration-ms="2574" status="PASS">
          <reporter-output>
          </reporter-output>
        </test-method> <!-- resetPage -->
        <test-method signature="scenario7_searchAndCompareCars()[pri:7, instance:com.zigwheels.tests.ZigWheelsScenariosTest@314b9e4b]" started-at="2026-02-04T18:18:38 IST" name="scenario7_searchAndCompareCars" finished-at="2026-02-04T18:18:48 IST" duration-ms="10372" status="PASS">
          <reporter-output>
          </reporter-output>
        </test-method> <!-- scenario7_searchAndCompareCars -->
        <test-method is-config="true" signature="resetPage()[pri:0, instance:com.zigwheels.tests.ZigWheelsScenariosTest@314b9e4b]" started-at="2026-02-04T18:18:48 IST" name="resetPage" finished-at="2026-02-04T18:18:50 IST" duration-ms="2166" status="PASS">
          <reporter-output>
          </reporter-output>
        </test-method> <!-- resetPage -->
        <test-method is-config="true" signature="tearDown()[pri:0, instance:com.zigwheels.tests.ZigWheelsScenariosTest@314b9e4b]" started-at="2026-02-04T18:18:50 IST" name="tearDown" finished-at="2026-02-04T18:19:00 IST" duration-ms="9319" status="PASS">
          <reporter-output>
          </reporter-output>
        </test-method> <!-- tearDown -->
      </class> <!-- com.zigwheels.tests.ZigWheelsScenariosTest -->
    </test> <!-- Chrome Tests -->
  </suite> <!-- ZigWheels Suite -->
</testng-results>
