<?xml version="1.0" encoding="UTF-8"?>
<testng-results ignored="2" total="7" passed="5" failed="0" skipped="0">
  <reporter-output>
  </reporter-output>
  <suite started-at="2026-02-04T17:08:41 IST" name="ZigWheels Suite" finished-at="2026-02-04T17:10:36 IST" duration-ms="114927">
    <groups>
    </groups>
    <test started-at="2026-02-04T17:08:41 IST" name="Chrome Tests" finished-at="2026-02-04T17:10:36 IST" duration-ms="114927">
      <class name="com.zigwheels.tests.ZigWheelsScenariosTest">
        <test-method is-config="true" signature="setUp(java.lang.String)[pri:0, instance:com.zigwheels.tests.ZigWheelsScenariosTest@3f81621c]" started-at="2026-02-04T17:08:43 IST" name="setUp" finished-at="2026-02-04T17:09:08 IST" duration-ms="24948" status="PASS">
          <params>
            <param index="0">
              <value>
                <![CDATA[chrome]]>
              </value>
            </param>
          </params>
          <reporter-output>
          </reporter-output>
        </test-method> <!-- setUp -->
        <test-method signature="scenario2_popularCars()[pri:2, instance:com.zigwheels.tests.ZigWheelsScenariosTest@3f81621c]" started-at="2026-02-04T17:09:08 IST" name="scenario2_popularCars" finished-at="2026-02-04T17:09:20 IST" duration-ms="12003" status="PASS">
          <reporter-output>
          </reporter-output>
        </test-method> <!-- scenario2_popularCars -->
        <test-method is-config="true" signature="resetPage()[pri:0, instance:com.zigwheels.tests.ZigWheelsScenariosTest@3f81621c]" started-at="2026-02-04T17:09:20 IST" name="resetPage" finished-at="2026-02-04T17:09:23 IST" duration-ms="2830" status="PASS">
          <reporter-output>
          </reporter-output>
        </test-method> <!-- resetPage -->
        <test-method signature="scenario4_electricScootersOLA()[pri:4, instance:com.zigwheels.tests.ZigWheelsScenariosTest@3f81621c]" started-at="2026-02-04T17:09:23 IST" name="scenario4_electricScootersOLA" finished-at="2026-02-04T17:09:31 IST" duration-ms="7484" status="PASS">
          <reporter-output>
          </reporter-output>
        </test-method> <!-- scenario4_electricScootersOLA -->
        <test-method is-config="true" signature="resetPage()[pri:0, instance:com.zigwheels.tests.ZigWheelsScenariosTest@3f81621c]" started-at="2026-02-04T17:09:31 IST" name="resetPage" finished-at="2026-02-04T17:09:35 IST" duration-ms="3764" status="PASS">
          <reporter-output>
          </reporter-output>
        </test-method> <!-- resetPage -->
        <test-method signature="scenario5_usedCarsChennaiSortAndValidate()[pri:5, instance:com.zigwheels.tests.ZigWheelsScenariosTest@3f81621c]" started-at="2026-02-04T17:09:35 IST" name="scenario5_usedCarsChennaiSortAndValidate" finished-at="2026-02-04T17:09:49 IST" duration-ms="14522" status="PASS">
          <reporter-output>
          </reporter-output>
        </test-method> <!-- scenario5_usedCarsChennaiSortAndValidate -->
        <test-method is-config="true" signature="resetPage()[pri:0, instance:com.zigwheels.tests.ZigWheelsScenariosTest@3f81621c]" started-at="2026-02-04T17:09:50 IST" name="resetPage" finished-at="2026-02-04T17:09:52 IST" duration-ms="2403" status="PASS">
          <reporter-output>
          </reporter-output>
        </test-method> <!-- resetPage -->
        <test-method signature="scenario6_profileGoogleInvalidLogin()[pri:6, instance:com.zigwheels.tests.ZigWheelsScenariosTest@3f81621c]" started-at="2026-02-04T17:09:52 IST" name="scenario6_profileGoogleInvalidLogin" finished-at="2026-02-04T17:10:01 IST" duration-ms="9163" status="PASS">
          <reporter-output>
          </reporter-output>
        </test-method> <!-- scenario6_profileGoogleInvalidLogin -->
        <test-method is-config="true" signature="resetPage()[pri:0, instance:com.zigwheels.tests.ZigWheelsScenariosTest@3f81621c]" started-at="2026-02-04T17:10:02 IST" name="resetPage" finished-at="2026-02-04T17:10:06 IST" duration-ms="3695" status="PASS">
          <reporter-output>
          </reporter-output>
        </test-method> <!-- resetPage -->
        <test-method signature="scenario7_searchAndCompareCars()[pri:7, instance:com.zigwheels.tests.ZigWheelsScenariosTest@3f81621c]" started-at="2026-02-04T17:10:06 IST" name="scenario7_searchAndCompareCars" finished-at="2026-02-04T17:10:19 IST" duration-ms="13759" status="PASS">
          <reporter-output>
          </reporter-output>
        </test-method> <!-- scenario7_searchAndCompareCars -->
        <test-method is-config="true" signature="resetPage()[pri:0, instance:com.zigwheels.tests.ZigWheelsScenariosTest@3f81621c]" started-at="2026-02-04T17:10:20 IST" name="resetPage" finished-at="2026-02-04T17:10:24 IST" duration-ms="4553" status="PASS">
          <reporter-output>
          </reporter-output>
        </test-method> <!-- resetPage -->
        <test-method is-config="true" signature="tearDown()[pri:0, instance:com.zigwheels.tests.ZigWheelsScenariosTest@3f81621c]" started-at="2026-02-04T17:10:24 IST" name="tearDown" finished-at="2026-02-04T17:10:36 IST" duration-ms="11606" status="PASS">
          <reporter-output>
          </reporter-output>
        </test-method> <!-- tearDown -->
      </class> <!-- com.zigwheels.tests.ZigWheelsScenariosTest -->
    </test> <!-- Chrome Tests -->
  </suite> <!-- ZigWheels Suite -->
</testng-results>
