<?xml version="1.0" encoding="UTF-8"?>
<testng-results ignored="6" total="7" passed="1" failed="0" skipped="0">
  <reporter-output>
  </reporter-output>
  <suite started-at="2026-02-04T14:37:38 IST" name="Default suite" finished-at="2026-02-04T14:37:59 IST" duration-ms="21482">
    <groups>
    </groups>
    <test started-at="2026-02-04T14:37:38 IST" name="Default test" finished-at="2026-02-04T14:37:59 IST" duration-ms="21482">
      <class name="com.zigwheels.tests.ZigWheelsScenariosTest">
        <test-method is-config="true" signature="setUp(java.lang.String)[pri:0, instance:com.zigwheels.tests.ZigWheelsScenariosTest@abbe000]" started-at="2026-02-04T14:37:38 IST" name="setUp" finished-at="2026-02-04T14:37:45 IST" duration-ms="6760" status="PASS">
          <params>
            <param index="0">
              <value>
                <![CDATA[chrome]]>
              </value>
            </param>
          </params>
          <reporter-output>
          </reporter-output>
        </test-method> <!-- setUp -->
        <test-method signature="scenario5_usedCarsChennaiSortAndValidate()[pri:5, instance:com.zigwheels.tests.ZigWheelsScenariosTest@abbe000]" started-at="2026-02-04T14:37:45 IST" name="scenario5_usedCarsChennaiSortAndValidate" finished-at="2026-02-04T14:37:53 IST" duration-ms="8186" status="PASS">
          <reporter-output>
          </reporter-output>
        </test-method> <!-- scenario5_usedCarsChennaiSortAndValidate -->
        <test-method is-config="true" signature="resetPage()[pri:0, instance:com.zigwheels.tests.ZigWheelsScenariosTest@abbe000]" started-at="2026-02-04T14:37:53 IST" name="resetPage" finished-at="2026-02-04T14:37:54 IST" duration-ms="1251" status="PASS">
          <reporter-output>
          </reporter-output>
        </test-method> <!-- resetPage -->
        <test-method is-config="true" signature="tearDown()[pri:0, instance:com.zigwheels.tests.ZigWheelsScenariosTest@abbe000]" started-at="2026-02-04T14:37:54 IST" name="tearDown" finished-at="2026-02-04T14:37:59 IST" duration-ms="4936" status="PASS">
          <reporter-output>
          </reporter-output>
        </test-method> <!-- tearDown -->
      </class> <!-- com.zigwheels.tests.ZigWheelsScenariosTest -->
    </test> <!-- Default test -->
  </suite> <!-- Default suite -->
</testng-results>
