<?xml version="1.0" encoding="UTF-8"?>
<testng-results ignored="2" total="7" passed="5" failed="0" skipped="0">
  <reporter-output>
  </reporter-output>
  <suite started-at="2026-02-04T03:57:59 IST" name="ZigWheels Suite" finished-at="2026-02-04T03:59:45 IST" duration-ms="106203">
    <groups>
    </groups>
    <test started-at="2026-02-04T03:57:59 IST" name="Chrome Tests" finished-at="2026-02-04T03:59:45 IST" duration-ms="106203">
      <class name="com.zigwheels.tests.ZigWheelsScenariosTest">
        <test-method is-config="true" signature="setUp(java.lang.String)[pri:0, instance:com.zigwheels.tests.ZigWheelsScenariosTest@51dae791]" started-at="2026-02-04T03:58:02 IST" name="setUp" finished-at="2026-02-04T03:58:22 IST" duration-ms="19234" status="PASS">
          <params>
            <param index="0">
              <value>
                <![CDATA[chrome]]>
              </value>
            </param>
          </params>
          <reporter-output>
          </reporter-output>
        </test-method> <!-- setUp -->
        <test-method signature="scenario2_popularCars()[pri:2, instance:com.zigwheels.tests.ZigWheelsScenariosTest@51dae791]" started-at="2026-02-04T03:58:22 IST" name="scenario2_popularCars" finished-at="2026-02-04T03:58:32 IST" duration-ms="10739" status="PASS">
          <reporter-output>
          </reporter-output>
        </test-method> <!-- scenario2_popularCars -->
        <test-method is-config="true" signature="resetPage()[pri:0, instance:com.zigwheels.tests.ZigWheelsScenariosTest@51dae791]" started-at="2026-02-04T03:58:33 IST" name="resetPage" finished-at="2026-02-04T03:58:35 IST" duration-ms="1865" status="PASS">
          <reporter-output>
          </reporter-output>
        </test-method> <!-- resetPage -->
        <test-method signature="scenario4_electricScootersOLA()[pri:4, instance:com.zigwheels.tests.ZigWheelsScenariosTest@51dae791]" started-at="2026-02-04T03:58:35 IST" name="scenario4_electricScootersOLA" finished-at="2026-02-04T03:58:44 IST" duration-ms="9555" status="PASS">
          <reporter-output>
          </reporter-output>
        </test-method> <!-- scenario4_electricScootersOLA -->
        <test-method is-config="true" signature="resetPage()[pri:0, instance:com.zigwheels.tests.ZigWheelsScenariosTest@51dae791]" started-at="2026-02-04T03:58:45 IST" name="resetPage" finished-at="2026-02-04T03:58:48 IST" duration-ms="3597" status="PASS">
          <reporter-output>
          </reporter-output>
        </test-method> <!-- resetPage -->
        <test-method signature="scenario5_usedCarsChennaiSortAndValidate()[pri:5, instance:com.zigwheels.tests.ZigWheelsScenariosTest@51dae791]" started-at="2026-02-04T03:58:48 IST" name="scenario5_usedCarsChennaiSortAndValidate" finished-at="2026-02-04T03:59:00 IST" duration-ms="11432" status="PASS">
          <reporter-output>
          </reporter-output>
        </test-method> <!-- scenario5_usedCarsChennaiSortAndValidate -->
        <test-method is-config="true" signature="resetPage()[pri:0, instance:com.zigwheels.tests.ZigWheelsScenariosTest@51dae791]" started-at="2026-02-04T03:59:00 IST" name="resetPage" finished-at="2026-02-04T03:59:04 IST" duration-ms="3407" status="PASS">
          <reporter-output>
          </reporter-output>
        </test-method> <!-- resetPage -->
        <test-method signature="scenario6_profileGoogleInvalidLogin()[pri:6, instance:com.zigwheels.tests.ZigWheelsScenariosTest@51dae791]" started-at="2026-02-04T03:59:04 IST" name="scenario6_profileGoogleInvalidLogin" finished-at="2026-02-04T03:59:12 IST" duration-ms="8265" status="PASS">
          <reporter-output>
          </reporter-output>
        </test-method> <!-- scenario6_profileGoogleInvalidLogin -->
        <test-method is-config="true" signature="resetPage()[pri:0, instance:com.zigwheels.tests.ZigWheelsScenariosTest@51dae791]" started-at="2026-02-04T03:59:13 IST" name="resetPage" finished-at="2026-02-04T03:59:17 IST" duration-ms="3594" status="PASS">
          <reporter-output>
          </reporter-output>
        </test-method> <!-- resetPage -->
        <test-method signature="scenario7_searchAndCompareCars()[pri:7, instance:com.zigwheels.tests.ZigWheelsScenariosTest@51dae791]" started-at="2026-02-04T03:59:17 IST" name="scenario7_searchAndCompareCars" finished-at="2026-02-04T03:59:31 IST" duration-ms="14332" status="PASS">
          <reporter-output>
          </reporter-output>
        </test-method> <!-- scenario7_searchAndCompareCars -->
        <test-method is-config="true" signature="resetPage()[pri:0, instance:com.zigwheels.tests.ZigWheelsScenariosTest@51dae791]" started-at="2026-02-04T03:59:32 IST" name="resetPage" finished-at="2026-02-04T03:59:35 IST" duration-ms="3616" status="PASS">
          <reporter-output>
          </reporter-output>
        </test-method> <!-- resetPage -->
        <test-method is-config="true" signature="tearDown()[pri:0, instance:com.zigwheels.tests.ZigWheelsScenariosTest@51dae791]" started-at="2026-02-04T03:59:35 IST" name="tearDown" finished-at="2026-02-04T03:59:45 IST" duration-ms="9909" status="PASS">
          <reporter-output>
          </reporter-output>
        </test-method> <!-- tearDown -->
      </class> <!-- com.zigwheels.tests.ZigWheelsScenariosTest -->
    </test> <!-- Chrome Tests -->
  </suite> <!-- ZigWheels Suite -->
</testng-results>
