<?xml version="1.0" encoding="UTF-8"?>
<!-- Generated by org.testng.reporters.JUnitReportReporter -->
<testsuite hostname="LTIN674478" failures="0" tests="7" name="com.zigwheels.tests.ZigWheelsScenariosTest" time="62.610" errors="0" timestamp="2026-02-04T18:19:01 IST" skipped="2">
  <testcase classname="com.zigwheels.tests.ZigWheelsScenariosTest" name="scenario2_popularCars" time="16.399"/>
  <system-out/>
  <testcase classname="com.zigwheels.tests.ZigWheelsScenariosTest" name="scenario4_electricScootersOLA" time="10.061"/>
  <system-out/>
  <testcase classname="com.zigwheels.tests.ZigWheelsScenariosTest" name="scenario5_usedCarsChennaiSortAndValidate" time="13.437"/>
  <system-out/>
  <testcase classname="com.zigwheels.tests.ZigWheelsScenariosTest" name="scenario6_profileGoogleInvalidLogin" time="10.212"/>
  <system-out/>
  <testcase classname="com.zigwheels.tests.ZigWheelsScenariosTest" name="scenario7_searchAndCompareCars" time="12.501"/>
  <system-out/>
  <testcase classname="com.zigwheels.tests.ZigWheelsScenariosTest" name="scenario1_writeAllLinksAndValidate">
    <skipped/>
  </testcase> <!-- scenario1_writeAllLinksAndValidate -->
  <system-out/>
  <testcase classname="com.zigwheels.tests.ZigWheelsScenariosTest" name="scenario3_upcomingBikes">
    <skipped/>
  </testcase> <!-- scenario3_upcomingBikes -->
  <system-out/>
</testsuite> <!-- com.zigwheels.tests.ZigWheelsScenariosTest -->
