<?xml version="1.0" encoding="UTF-8"?>
<!-- Generated by org.testng.reporters.JUnitReportReporter -->
<testsuite hostname="LTIN674478" failures="0" tests="3" name="com.zigwheels.tests.ZigWheelsScenariosTest" time="9.437" errors="0" timestamp="2026-02-04T14:37:59 IST" skipped="2">
  <testcase classname="com.zigwheels.tests.ZigWheelsScenariosTest" name="scenario5_usedCarsChennaiSortAndValidate" time="9.437"/>
  <system-out/>
  <testcase classname="com.zigwheels.tests.ZigWheelsScenariosTest" name="scenario1_writeAllLinksAndValidate">
    <skipped/>
  </testcase> <!-- scenario1_writeAllLinksAndValidate -->
  <system-out/>
  <testcase classname="com.zigwheels.tests.ZigWheelsScenariosTest" name="scenario3_upcomingBikes">
    <skipped/>
  </testcase> <!-- scenario3_upcomingBikes -->
  <system-out/>
</testsuite> <!-- com.zigwheels.tests.ZigWheelsScenariosTest -->
