<?xml version="1.0" encoding="UTF-8"?>
<!-- Generated by org.testng.reporters.JUnitReportReporter -->
<testsuite hostname="LTIN674478" failures="0" tests="10" name="com.zigwheels.tests.ZigWheelsScenariosTest" time="86.252" errors="0" timestamp="2026-02-05T14:27:02 IST" skipped="0">
  <testcase classname="com.zigwheels.tests.ZigWheelsScenariosTest" name="scenario2_popularCars" time="9.140"/>
  <system-out/>
  <testcase classname="com.zigwheels.tests.ZigWheelsScenariosTest" name="scenario2_popularCars" time="6.730"/>
  <system-out/>
  <testcase classname="com.zigwheels.tests.ZigWheelsScenariosTest" name="scenario3_electricScootersOLA" time="7.695"/>
  <system-out/>
  <testcase classname="com.zigwheels.tests.ZigWheelsScenariosTest" name="scenario3_electricScootersOLA" time="5.827"/>
  <system-out/>
  <testcase classname="com.zigwheels.tests.ZigWheelsScenariosTest" name="scenario4_usedCarsChennaiSortAndValidate" time="13.936"/>
  <system-out/>
  <testcase classname="com.zigwheels.tests.ZigWheelsScenariosTest" name="scenario4_usedCarsChennaiSortAndValidate" time="11.921"/>
  <system-out/>
  <testcase classname="com.zigwheels.tests.ZigWheelsScenariosTest" name="scenario5_profileGoogleInvalidLogin" time="8.442"/>
  <system-out/>
  <testcase classname="com.zigwheels.tests.ZigWheelsScenariosTest" name="scenario5_profileGoogleInvalidLogin" time="5.422"/>
  <system-out/>
  <testcase classname="com.zigwheels.tests.ZigWheelsScenariosTest" name="scenario1_searchAndCompareCars" time="7.421"/>
  <system-out/>
  <testcase classname="com.zigwheels.tests.ZigWheelsScenariosTest" name="scenario1_searchAndCompareCars" time="9.718"/>
  <system-out/>
</testsuite> <!-- com.zigwheels.tests.ZigWheelsScenariosTest -->
