<?xml version="1.0" encoding="UTF-8"?>
<!-- Generated by org.testng.reporters.JUnitReportReporter -->
<testsuite hostname="LTIN674478" failures="1" tests="14" name="com.zigwheels.tests.ZigWheelsScenariosTest" time="170.922" errors="0" timestamp="2026-02-05T09:23:10 IST" skipped="4">
  <testcase classname="com.zigwheels.tests.ZigWheelsScenariosTest" name="scenario2_popularCars" time="16.841"/>
  <system-out/>
  <testcase classname="com.zigwheels.tests.ZigWheelsScenariosTest" name="scenario2_popularCars" time="50.381">
    <failure message="No popular cars were found on the page! expected [true] but found [false]" type="java.lang.AssertionError">
      <![CDATA[java.lang.AssertionError: No popular cars were found on the page! expected [true] but found [false]
at org.testng.Assert.fail(Assert.java:99)
at org.testng.Assert.failNotEquals(Assert.java:1037)
at org.testng.Assert.assertTrue(Assert.java:45)
at com.zigwheels.tests.ZigWheelsScenariosTest.scenario2_popularCars(ZigWheelsScenariosTest.java:43)
at java.base/jdk.internal.reflect.DirectMethodHandleAccessor.invoke(DirectMethodHandleAccessor.java:103)
at java.base/java.lang.reflect.Method.invoke(Method.java:580)
at org.testng.internal.MethodInvocationHelper.invokeMethod(MethodInvocationHelper.java:133)
at org.testng.internal.TestInvoker.invokeMethod(TestInvoker.java:598)
at org.testng.internal.TestInvoker.invokeTestMethod(TestInvoker.java:173)
at org.testng.internal.MethodRunner.runInSequence(MethodRunner.java:46)
at org.testng.internal.TestInvoker$MethodInvocationAgent.invoke(TestInvoker.java:824)
at org.testng.internal.TestInvoker.invokeTestMethods(TestInvoker.java:146)
at org.testng.internal.TestMethodWorker.invokeTestMethods(TestMethodWorker.java:146)
at org.testng.internal.TestMethodWorker.run(TestMethodWorker.java:128)
at java.base/java.util.ArrayList.forEach(ArrayList.java:1596)
at org.testng.TestRunner.privateRun(TestRunner.java:794)
at org.testng.TestRunner.run(TestRunner.java:596)
at org.testng.SuiteRunner.runTest(SuiteRunner.java:377)
at org.testng.SuiteRunner.access$000(SuiteRunner.java:28)
at org.testng.SuiteRunner$SuiteWorker.run(SuiteRunner.java:418)
at org.testng.internal.thread.ThreadUtil.lambda$execute$0(ThreadUtil.java:64)
at java.base/java.util.concurrent.FutureTask.run(FutureTask.java:317)
at java.base/java.util.concurrent.ThreadPoolExecutor.runWorker(ThreadPoolExecutor.java:1144)
at java.base/java.util.concurrent.ThreadPoolExecutor$Worker.run(ThreadPoolExecutor.java:642)
at java.base/java.lang.Thread.run(Thread.java:1583)
]]>
    </failure>
  </testcase> <!-- scenario2_popularCars -->
  <system-out/>
  <testcase classname="com.zigwheels.tests.ZigWheelsScenariosTest" name="scenario4_electricScootersOLA" time="10.703"/>
  <system-out/>
  <testcase classname="com.zigwheels.tests.ZigWheelsScenariosTest" name="scenario4_electricScootersOLA" time="10.354"/>
  <system-out/>
  <testcase classname="com.zigwheels.tests.ZigWheelsScenariosTest" name="scenario5_usedCarsChennaiSortAndValidate" time="14.870"/>
  <system-out/>
  <testcase classname="com.zigwheels.tests.ZigWheelsScenariosTest" name="scenario5_usedCarsChennaiSortAndValidate" time="26.638"/>
  <system-out/>
  <testcase classname="com.zigwheels.tests.ZigWheelsScenariosTest" name="scenario6_profileGoogleInvalidLogin" time="10.061"/>
  <system-out/>
  <testcase classname="com.zigwheels.tests.ZigWheelsScenariosTest" name="scenario6_profileGoogleInvalidLogin" time="7.356"/>
  <system-out/>
  <testcase classname="com.zigwheels.tests.ZigWheelsScenariosTest" name="scenario7_searchAndCompareCars" time="11.133"/>
  <system-out/>
  <testcase classname="com.zigwheels.tests.ZigWheelsScenariosTest" name="scenario7_searchAndCompareCars" time="12.585"/>
  <system-out/>
  <testcase classname="com.zigwheels.tests.ZigWheelsScenariosTest" name="scenario1_writeAllLinksAndValidate">
    <skipped/>
  </testcase> <!-- scenario1_writeAllLinksAndValidate -->
  <system-out/>
  <testcase classname="com.zigwheels.tests.ZigWheelsScenariosTest" name="scenario1_writeAllLinksAndValidate">
    <skipped/>
  </testcase> <!-- scenario1_writeAllLinksAndValidate -->
  <system-out/>
  <testcase classname="com.zigwheels.tests.ZigWheelsScenariosTest" name="scenario3_upcomingBikes">
    <skipped/>
  </testcase> <!-- scenario3_upcomingBikes -->
  <system-out/>
  <testcase classname="com.zigwheels.tests.ZigWheelsScenariosTest" name="scenario3_upcomingBikes">
    <skipped/>
  </testcase> <!-- scenario3_upcomingBikes -->
  <system-out/>
</testsuite> <!-- com.zigwheels.tests.ZigWheelsScenariosTest -->
